2025-07-29 19:05:59,843 - services.ai_manager - INFO - ‚úÖ Gemini Flash inicializado com sucesso
2025-07-29 19:05:59,856 - services.ai_manager - INFO - ‚úÖ OpenAI inicializado com sucesso
2025-07-29 19:05:59,857 - services.ai_manager - INFO - ‚úÖ HuggingFace inicializado com sucesso
2025-07-29 19:05:59,857 - services.ai_manager - INFO - AI Manager inicializado com 3 provedores dispon√≠veis
2025-07-29 19:05:59,992 - services.production_search_manager - INFO - üöÄ Production Search Manager inicializado
2025-07-29 19:05:59,992 - services.production_search_manager - INFO - üìä Provedores habilitados: google, serper, bing, duckduckgo
2025-07-29 19:05:59,996 - services.content_extractor - INFO - Content Extractor inicializado com m√∫ltiplas estrat√©gias
2025-07-29 19:06:00,007 - services.search_manager - INFO - ‚úÖ Google Custom Search dispon√≠vel
2025-07-29 19:06:00,007 - services.search_manager - INFO - ‚úÖ Serper API dispon√≠vel
2025-07-29 19:06:00,007 - services.search_manager - INFO - ‚úÖ Bing e DuckDuckGo sempre dispon√≠veis (scraping)
2025-07-29 19:06:00,008 - services.search_manager - INFO - Search Manager inicializado com 4 provedores dispon√≠veis
2025-07-29 19:06:00,016 - services.mental_drivers_architect - INFO - Mental Drivers Architect inicializado com 19 drivers universais
2025-07-29 19:06:00,022 - services.future_prediction_engine - INFO - Future Prediction Engine inicializado
2025-07-29 19:06:00,022 - services.ultra_detailed_analysis_engine - INFO - Ultra Detailed Analysis Engine inicializado - Modo GIGANTE ativado
2025-07-29 19:06:00,023 - services.enhanced_analysis_engine - INFO - Enhanced Analysis Engine inicializado - Sistemas: {'ai_manager': True, 'search_manager': True, 'content_extractor': True}
2025-07-29 19:06:00,623 - services.production_content_extractor - INFO - üöÄ Production Content Extractor inicializado
2025-07-29 19:06:00,632 - __main__ - INFO - üöÄ Iniciando ARQV30 Enhanced v2.0 em MODO PRODU√á√ÉO
2025-07-29 19:06:00,633 - __main__ - INFO - üîí Debug desabilitado, headers de seguran√ßa habilitados
2025-07-29 19:06:00,633 - __main__ - INFO - Servidor: http://0.0.0.0:5000
2025-07-29 19:06:00,633 - __main__ - INFO - Encoding: UTF-8
2025-07-29 19:06:00,633 - __main__ - INFO - Locale: ('pt_BR', 'UTF-8')
2025-07-29 19:06:00,634 - __main__ - ERROR - Erro ao iniciar aplica√ß√£o: '>' not supported between instances of 'NoneType' and 'float'
2025-07-29 19:06:00,635 - __main__ - ERROR - Traceback (most recent call last):
  File "C:\Users\user\Desktop\project-bolt-github-sdjezidm\project\src\run.py", line 310, in main
    search_status = production_search_manager.get_provider_status()
                    ^^^^^^^^^^^^^^^^^^^^^^^^^^^^^^^^^^^^^^^^^^^^^^^
  File "C:\Users\user\Desktop\project-bolt-github-sdjezidm\project\src\services\production_search_manager.py", line 835, in get_provider_status
    'rate_limited': config.get('quota_reset', 0) > time.time(),
                    ^^^^^^^^^^^^^^^^^^^^^^^^^^^^^^^^^^^^^^^^^^
TypeError: '>' not supported between instances of 'NoneType' and 'float'

2025-07-29 19:06:00,635 - __main__ - INFO - üßπ Executando limpeza final...
2025-07-29 19:06:00,648 - services.production_content_extractor - INFO - üóëÔ∏è Cache de conte√∫do limpo
2025-07-29 20:15:55,722 - services.ai_manager - INFO - ‚úÖ Gemini Flash inicializado com sucesso
2025-07-29 20:15:55,736 - services.ai_manager - INFO - ‚úÖ OpenAI inicializado com sucesso
2025-07-29 20:15:55,736 - services.ai_manager - INFO - ‚úÖ HuggingFace inicializado com sucesso
2025-07-29 20:15:55,736 - services.ai_manager - INFO - AI Manager inicializado com 3 provedores dispon√≠veis
2025-07-29 20:15:55,823 - services.production_search_manager - INFO - üöÄ Production Search Manager inicializado
2025-07-29 20:15:55,824 - services.production_search_manager - INFO - üìä Provedores habilitados: google, serper, bing, duckduckgo
2025-07-29 20:15:55,825 - services.content_extractor - INFO - Content Extractor inicializado com m√∫ltiplas estrat√©gias
2025-07-29 20:15:55,827 - services.search_manager - INFO - ‚úÖ Google Custom Search dispon√≠vel
2025-07-29 20:15:55,827 - services.search_manager - INFO - ‚úÖ Serper API dispon√≠vel
2025-07-29 20:15:55,827 - services.search_manager - INFO - ‚úÖ Bing e DuckDuckGo sempre dispon√≠veis (scraping)
2025-07-29 20:15:55,827 - services.search_manager - INFO - Search Manager inicializado com 4 provedores dispon√≠veis
2025-07-29 20:15:55,828 - services.mental_drivers_architect - INFO - Mental Drivers Architect inicializado com 19 drivers universais
2025-07-29 20:15:55,829 - services.future_prediction_engine - INFO - Future Prediction Engine inicializado
2025-07-29 20:15:55,829 - services.ultra_detailed_analysis_engine - INFO - Ultra Detailed Analysis Engine inicializado - Modo GIGANTE ativado
2025-07-29 20:15:55,829 - services.enhanced_analysis_engine - INFO - Enhanced Analysis Engine inicializado - Sistemas: {'ai_manager': True, 'search_manager': True, 'content_extractor': True}
2025-07-29 20:15:56,371 - services.production_content_extractor - INFO - üöÄ Production Content Extractor inicializado
2025-07-29 20:15:56,380 - __main__ - INFO - üöÄ Iniciando ARQV30 Enhanced v2.0 em MODO PRODU√á√ÉO
2025-07-29 20:15:56,380 - __main__ - INFO - üîí Debug desabilitado, headers de seguran√ßa habilitados
2025-07-29 20:15:56,380 - __main__ - INFO - Servidor: http://0.0.0.0:5000
2025-07-29 20:15:56,381 - __main__ - INFO - Encoding: UTF-8
2025-07-29 20:15:56,381 - __main__ - INFO - Locale: ('pt_BR', 'UTF-8')
2025-07-29 20:15:56,381 - __main__ - ERROR - Erro ao iniciar aplica√ß√£o: '>' not supported between instances of 'NoneType' and 'float'
2025-07-29 20:15:56,382 - __main__ - ERROR - Traceback (most recent call last):
  File "C:\Users\user\Desktop\project-bolt-github-sdjezidm\project\src\run.py", line 310, in main
    search_status = production_search_manager.get_provider_status()
                    ^^^^^^^^^^^^^^^^^^^^^^^^^^^^^^^^^^^^^^^^^^^^^^^
  File "C:\Users\user\Desktop\project-bolt-github-sdjezidm\project\src\services\production_search_manager.py", line 835, in get_provider_status
    'rate_limited': config.get('quota_reset', 0) > time.time(),
                    ^^^^^^^^^^^^^^^^^^^^^^^^^^^^^^^^^^^^^^^^^^
TypeError: '>' not supported between instances of 'NoneType' and 'float'

2025-07-29 20:15:56,383 - __main__ - INFO - üßπ Executando limpeza final...
2025-07-29 20:15:56,395 - services.production_content_extractor - INFO - üóëÔ∏è Cache de conte√∫do limpo
2025-07-29 20:46:43,187 - services.ai_manager - INFO - ‚úÖ Gemini Flash inicializado com sucesso
2025-07-29 20:46:43,187 - services.ai_manager - INFO - ‚úÖ HuggingFace inicializado com sucesso
2025-07-29 20:46:43,188 - services.ai_manager - INFO - AI Manager inicializado com 2 provedores dispon√≠veis
2025-07-29 20:46:43,279 - services.production_search_manager - INFO - üöÄ Production Search Manager inicializado
2025-07-29 20:46:43,279 - services.production_search_manager - INFO - üìä Provedores habilitados: google, bing, duckduckgo
2025-07-29 20:46:43,280 - services.production_search_manager - WARNING - ‚ö†Ô∏è Provedor serper desabilitado
2025-07-29 20:46:43,284 - services.content_extractor - INFO - Content Extractor inicializado com m√∫ltiplas estrat√©gias
2025-07-29 20:46:43,294 - services.search_manager - INFO - ‚úÖ Google Custom Search dispon√≠vel
2025-07-29 20:46:43,294 - services.search_manager - INFO - ‚úÖ Bing e DuckDuckGo sempre dispon√≠veis (scraping)
2025-07-29 20:46:43,294 - services.search_manager - INFO - Search Manager inicializado com 3 provedores dispon√≠veis
2025-07-29 20:46:43,300 - services.mental_drivers_architect - INFO - Mental Drivers Architect inicializado com 19 drivers universais
2025-07-29 20:46:43,306 - services.future_prediction_engine - INFO - Future Prediction Engine inicializado
2025-07-29 20:46:43,306 - services.ultra_detailed_analysis_engine - INFO - Ultra Detailed Analysis Engine inicializado - Modo GIGANTE ativado
2025-07-29 20:46:43,307 - services.enhanced_analysis_engine - INFO - Enhanced Analysis Engine inicializado - Sistemas: {'ai_manager': True, 'search_manager': True, 'content_extractor': True}
2025-07-29 20:46:43,729 - database - INFO - ‚úÖ DatabaseManager inicializado com Supabase
2025-07-29 20:46:43,872 - services.production_content_extractor - INFO - üöÄ Production Content Extractor inicializado
2025-07-29 20:46:43,881 - __main__ - INFO - üîß Iniciando ARQV30 Enhanced v2.0 em MODO DESENVOLVIMENTO
2025-07-29 20:46:43,881 - __main__ - INFO - Servidor: http://0.0.0.0:5000
2025-07-29 20:46:43,881 - __main__ - INFO - Encoding: UTF-8
2025-07-29 20:46:43,882 - __main__ - INFO - Locale: ('pt_BR', 'UTF-8')
2025-07-29 20:46:43,882 - __main__ - INFO - üîç Provedores de busca ativos: google, bing, duckduckgo
2025-07-29 20:46:43,893 - werkzeug - INFO - [31m[1mWARNING: This is a development server. Do not use it in a production deployment. Use a production WSGI server instead.[0m
 * Running on all addresses (0.0.0.0)
 * Running on http://127.0.0.1:5000
 * Running on http://192.168.0.5:5000
2025-07-29 20:46:43,893 - werkzeug - INFO - [33mPress CTRL+C to quit[0m
2025-07-29 20:46:43,895 - werkzeug - INFO -  * Restarting with stat
2025-07-29 20:46:44,683 - services.ai_manager - INFO - ‚úÖ Gemini Flash inicializado com sucesso
2025-07-29 20:46:44,683 - services.ai_manager - INFO - ‚úÖ HuggingFace inicializado com sucesso
2025-07-29 20:46:44,684 - services.ai_manager - INFO - AI Manager inicializado com 2 provedores dispon√≠veis
2025-07-29 20:46:44,769 - services.production_search_manager - INFO - üöÄ Production Search Manager inicializado
2025-07-29 20:46:44,770 - services.production_search_manager - INFO - üìä Provedores habilitados: google, bing, duckduckgo
2025-07-29 20:46:44,770 - services.production_search_manager - WARNING - ‚ö†Ô∏è Provedor serper desabilitado
2025-07-29 20:46:44,771 - services.content_extractor - INFO - Content Extractor inicializado com m√∫ltiplas estrat√©gias
2025-07-29 20:46:44,772 - services.search_manager - INFO - ‚úÖ Google Custom Search dispon√≠vel
2025-07-29 20:46:44,772 - services.search_manager - INFO - ‚úÖ Bing e DuckDuckGo sempre dispon√≠veis (scraping)
2025-07-29 20:46:44,773 - services.search_manager - INFO - Search Manager inicializado com 3 provedores dispon√≠veis
2025-07-29 20:46:44,774 - services.mental_drivers_architect - INFO - Mental Drivers Architect inicializado com 19 drivers universais
2025-07-29 20:46:44,774 - services.future_prediction_engine - INFO - Future Prediction Engine inicializado
2025-07-29 20:46:44,774 - services.ultra_detailed_analysis_engine - INFO - Ultra Detailed Analysis Engine inicializado - Modo GIGANTE ativado
2025-07-29 20:46:44,775 - services.enhanced_analysis_engine - INFO - Enhanced Analysis Engine inicializado - Sistemas: {'ai_manager': True, 'search_manager': True, 'content_extractor': True}
2025-07-29 20:46:45,181 - database - INFO - ‚úÖ DatabaseManager inicializado com Supabase
2025-07-29 20:46:45,302 - services.production_content_extractor - INFO - üöÄ Production Content Extractor inicializado
2025-07-29 20:46:45,311 - __main__ - INFO - üîß Iniciando ARQV30 Enhanced v2.0 em MODO DESENVOLVIMENTO
2025-07-29 20:46:45,311 - __main__ - INFO - Servidor: http://0.0.0.0:5000
2025-07-29 20:46:45,311 - __main__ - INFO - Encoding: UTF-8
2025-07-29 20:46:45,311 - __main__ - INFO - Locale: ('pt_BR', 'UTF-8')
2025-07-29 20:46:45,312 - __main__ - INFO - üîç Provedores de busca ativos: google, bing, duckduckgo
2025-07-29 20:46:45,316 - werkzeug - WARNING -  * Debugger is active!
2025-07-29 20:46:45,320 - werkzeug - INFO -  * Debugger PIN: 508-403-215
2025-07-29 20:46:51,943 - werkzeug - INFO - 127.0.0.1 - - [29/Jul/2025 20:46:51] "GET / HTTP/1.1" 200 -
2025-07-29 20:46:52,054 - werkzeug - INFO - 127.0.0.1 - - [29/Jul/2025 20:46:52] "GET /static/css/main.css HTTP/1.1" 200 -
2025-07-29 20:46:52,190 - werkzeug - INFO - 127.0.0.1 - - [29/Jul/2025 20:46:52] "GET /static/css/components.css HTTP/1.1" 200 -
2025-07-29 20:46:52,267 - werkzeug - INFO - 127.0.0.1 - - [29/Jul/2025 20:46:52] "GET /static/images/logo.png HTTP/1.1" 200 -
2025-07-29 20:46:52,267 - werkzeug - INFO - 127.0.0.1 - - [29/Jul/2025 20:46:52] "GET /static/js/main.js HTTP/1.1" 200 -
2025-07-29 20:46:52,268 - werkzeug - INFO - 127.0.0.1 - - [29/Jul/2025 20:46:52] "GET /static/js/upload.js HTTP/1.1" 200 -
2025-07-29 20:46:52,273 - werkzeug - INFO - 127.0.0.1 - - [29/Jul/2025 20:46:52] "GET /static/js/analysis.js HTTP/1.1" 200 -
2025-07-29 20:47:04,388 - werkzeug - INFO - 127.0.0.1 - - [29/Jul/2025 20:47:04] "GET /?segmento=cursos+telemedicina&produto=telemedicina&preco=997&publico=&objetivo_receita=&orcamento_marketing=&prazo_lancamento=&concorrentes=&query=mercado+brasileiro+desde+2021&dados_adicionais= HTTP/1.1" 200 -
2025-07-29 20:47:04,401 - routes.analysis - INFO - üöÄ Iniciando an√°lise para segmento: cursos telemedicina
2025-07-29 20:47:04,402 - services.enhanced_analysis_engine - INFO - üöÄ Iniciando an√°lise abrangente para cursos telemedicina
2025-07-29 20:47:04,402 - services.enhanced_analysis_engine - INFO - üìä FASE 1: Coleta de dados...
2025-07-29 20:47:04,402 - services.enhanced_analysis_engine - INFO - üöÄ Ativando motor de an√°lise GIGANTE...
2025-07-29 20:47:04,403 - services.ultra_detailed_analysis_engine - INFO - üöÄ INICIANDO AN√ÅLISE GIGANTE ULTRA-DETALHADA
2025-07-29 20:47:04,403 - services.ultra_detailed_analysis_engine - INFO - üìä Coletando dados massivos...
2025-07-29 20:47:04,404 - services.ultra_detailed_analysis_engine - INFO - üåê Executando pesquisa web ultra-profunda...
2025-07-29 20:47:04,404 - services.search_manager - INFO - üîç Buscando em google...
2025-07-29 20:47:04,620 - services.search_manager - WARNING - ‚ö†Ô∏è Erro em google: Google API retornou status 400
2025-07-29 20:47:04,622 - services.search_manager - INFO - üîç Buscando em bing...
2025-07-29 20:47:05,288 - services.search_manager - INFO - ‚úÖ Bing Search: 9 resultados
2025-07-29 20:47:06,290 - services.search_manager - INFO - üîç Buscando em duckduckgo...
2025-07-29 20:47:06,495 - services.search_manager - INFO - ‚úÖ DuckDuckGo Search: 0 resultados
2025-07-29 20:47:07,498 - services.search_manager - INFO - ‚úÖ Multi-search: 9 resultados √∫nicos de 9 totais
2025-07-29 20:47:07,498 - services.search_manager - INFO - üîç Buscando em google...
2025-07-29 20:47:07,672 - services.search_manager - WARNING - ‚ö†Ô∏è Erro em google: Google API retornou status 400
2025-07-29 20:47:07,673 - services.search_manager - INFO - üîç Buscando em bing...
2025-07-29 20:47:08,319 - services.search_manager - INFO - ‚úÖ Bing Search: 9 resultados
2025-07-29 20:47:09,322 - services.search_manager - INFO - üîç Buscando em duckduckgo...
2025-07-29 20:47:09,556 - services.search_manager - INFO - ‚úÖ DuckDuckGo Search: 0 resultados
2025-07-29 20:47:10,559 - services.search_manager - INFO - ‚úÖ Multi-search: 9 resultados √∫nicos de 9 totais
2025-07-29 20:47:10,559 - services.search_manager - INFO - üîç Buscando em google...
2025-07-29 20:47:10,728 - services.search_manager - WARNING - ‚ö†Ô∏è Erro em google: Google API retornou status 400
2025-07-29 20:47:10,730 - services.search_manager - INFO - üîç Buscando em bing...
2025-07-29 20:47:11,488 - services.search_manager - INFO - ‚úÖ Bing Search: 9 resultados
2025-07-29 20:47:12,491 - services.search_manager - INFO - üîç Buscando em duckduckgo...
2025-07-29 20:47:12,603 - services.search_manager - WARNING - ‚ö†Ô∏è DuckDuckGo retornou status 202
2025-07-29 20:47:13,605 - services.search_manager - INFO - ‚úÖ Multi-search: 9 resultados √∫nicos de 9 totais
2025-07-29 20:47:13,605 - services.search_manager - INFO - üîç Buscando em bing...
2025-07-29 20:47:14,306 - services.search_manager - INFO - ‚úÖ Bing Search: 8 resultados
2025-07-29 20:47:15,309 - services.search_manager - INFO - üîç Buscando em duckduckgo...
2025-07-29 20:47:15,421 - services.search_manager - WARNING - ‚ö†Ô∏è DuckDuckGo retornou status 202
2025-07-29 20:47:16,423 - services.search_manager - INFO - ‚úÖ Multi-search: 8 resultados √∫nicos de 8 totais
2025-07-29 20:47:16,424 - services.search_manager - INFO - üîç Buscando em bing...
2025-07-29 20:47:17,144 - services.search_manager - INFO - ‚úÖ Bing Search: 8 resultados
2025-07-29 20:47:18,147 - services.search_manager - INFO - üîç Buscando em duckduckgo...
2025-07-29 20:47:18,255 - services.search_manager - WARNING - ‚ö†Ô∏è DuckDuckGo retornou status 202
2025-07-29 20:47:19,258 - services.search_manager - INFO - ‚úÖ Multi-search: 8 resultados √∫nicos de 8 totais
2025-07-29 20:47:19,258 - services.search_manager - INFO - üîç Buscando em bing...
2025-07-29 20:47:19,915 - services.search_manager - INFO - ‚úÖ Bing Search: 10 resultados
2025-07-29 20:47:20,918 - services.search_manager - INFO - üîç Buscando em duckduckgo...
2025-07-29 20:47:21,050 - services.search_manager - WARNING - ‚ö†Ô∏è DuckDuckGo retornou status 202
2025-07-29 20:47:22,051 - services.search_manager - INFO - ‚úÖ Multi-search: 10 resultados √∫nicos de 10 totais
2025-07-29 20:47:22,051 - services.search_manager - INFO - üîç Buscando em bing...
2025-07-29 20:47:22,714 - services.search_manager - INFO - ‚úÖ Bing Search: 8 resultados
2025-07-29 20:47:23,717 - services.search_manager - INFO - üîç Buscando em duckduckgo...
2025-07-29 20:47:23,817 - services.search_manager - WARNING - ‚ö†Ô∏è DuckDuckGo retornou status 202
2025-07-29 20:47:24,819 - services.search_manager - INFO - ‚úÖ Multi-search: 8 resultados √∫nicos de 8 totais
2025-07-29 20:47:24,819 - services.search_manager - INFO - üîç Buscando em bing...
2025-07-29 20:47:25,465 - services.search_manager - INFO - ‚úÖ Bing Search: 10 resultados
2025-07-29 20:47:26,467 - services.search_manager - INFO - üîç Buscando em duckduckgo...
2025-07-29 20:47:26,604 - services.search_manager - WARNING - ‚ö†Ô∏è DuckDuckGo retornou status 202
2025-07-29 20:47:27,605 - services.search_manager - INFO - ‚úÖ Multi-search: 10 resultados √∫nicos de 10 totais
2025-07-29 20:47:27,605 - services.ultra_detailed_analysis_engine - INFO - üß† Executando an√°lise ultra-profunda...
2025-07-29 20:47:27,605 - services.ai_manager - INFO - ü§ñ Usando provedor: gemini
2025-07-29 20:47:48,880 - services.ai_manager - INFO - ‚úÖ Gemini gerou 8312 caracteres
2025-07-29 20:47:48,881 - services.mental_drivers_architect - INFO - üß† Gerando sistema completo de drivers mentais...
2025-07-29 20:47:48,881 - services.future_prediction_engine - INFO - üîÆ Predizendo futuro do mercado cursos telemedicina para 60 meses
2025-07-29 20:47:48,881 - services.ultra_detailed_analysis_engine - INFO - ‚úÖ AN√ÅLISE GIGANTE CONCLU√çDA - Relat√≥rio de predi√ß√£o do futuro gerado
2025-07-29 20:47:48,882 - services.enhanced_analysis_engine - INFO - üß† Gerando drivers mentais customizados...
2025-07-29 20:47:48,882 - services.mental_drivers_architect - INFO - üß† Gerando sistema completo de drivers mentais...
2025-07-29 20:47:48,882 - services.enhanced_analysis_engine - INFO - üîÆ Gerando predi√ß√µes do futuro...
2025-07-29 20:47:48,882 - services.future_prediction_engine - INFO - üîÆ Predizendo futuro do mercado cursos telemedicina para 60 meses
2025-07-29 20:47:48,883 - services.enhanced_analysis_engine - INFO - ‚úÖ An√°lise abrangente conclu√≠da em 44.48 segundos
2025-07-29 20:47:48,962 - database - ERROR - Erro ao criar an√°lise: Illegal header value b'Bearer eyJhbGciOiJIUzI1NiIsInR5cCI6IkpXVCJ9.eyJpc3MiOiJzdXBhYmFzZSIsInJlZiI6Inhhb2pncW1rdHZ4c21pcnl6dXdxIiwicm9sZSI6ImFub24iLCJpYXQiOjE3NTM2OTA1NjQsImV4cCI6MjA2OTI2NjU2NH0.KMUKDF2XBfJOyNpKTim26Ie1Yr3T00vzIn2zBKR9c6Y\n'
2025-07-29 20:47:48,962 - routes.analysis - INFO - ‚úÖ An√°lise conclu√≠da em 44.56 segundos
2025-07-29 20:47:48,973 - werkzeug - INFO - 127.0.0.1 - - [29/Jul/2025 20:47:48] "POST /api/analyze HTTP/1.1" 200 -
2025-07-29 20:48:07,953 - routes.analysis - INFO - üöÄ Iniciando an√°lise para segmento: cursos telemedicina
2025-07-29 20:48:07,954 - werkzeug - INFO - 127.0.0.1 - - [29/Jul/2025 20:48:07] "GET /?segmento=cursos+telemedicina&produto=&preco=&publico=&objetivo_receita=&orcamento_marketing=&prazo_lancamento=&concorrentes=&query=&dados_adicionais= HTTP/1.1" 200 -
2025-07-29 20:48:07,954 - services.enhanced_analysis_engine - INFO - üöÄ Iniciando an√°lise abrangente para cursos telemedicina
2025-07-29 20:48:07,958 - services.enhanced_analysis_engine - INFO - üìä FASE 1: Coleta de dados...
2025-07-29 20:48:07,958 - services.enhanced_analysis_engine - INFO - üöÄ Ativando motor de an√°lise GIGANTE...
2025-07-29 20:48:07,959 - services.ultra_detailed_analysis_engine - INFO - üöÄ INICIANDO AN√ÅLISE GIGANTE ULTRA-DETALHADA
2025-07-29 20:48:07,959 - services.ultra_detailed_analysis_engine - INFO - üìä Coletando dados massivos...
2025-07-29 20:48:07,960 - services.ultra_detailed_analysis_engine - INFO - üß† Executando an√°lise ultra-profunda...
2025-07-29 20:48:07,960 - services.ai_manager - INFO - ü§ñ Usando provedor: gemini
2025-07-29 20:48:25,501 - services.ai_manager - INFO - ‚úÖ Gemini Flash inicializado com sucesso
2025-07-29 20:48:25,501 - services.ai_manager - INFO - ‚úÖ HuggingFace inicializado com sucesso
2025-07-29 20:48:25,502 - services.ai_manager - INFO - AI Manager inicializado com 2 provedores dispon√≠veis
2025-07-29 20:48:25,588 - services.production_search_manager - INFO - üöÄ Production Search Manager inicializado
2025-07-29 20:48:25,588 - services.production_search_manager - INFO - üìä Provedores habilitados: google, bing, duckduckgo
2025-07-29 20:48:25,589 - services.production_search_manager - WARNING - ‚ö†Ô∏è Provedor serper desabilitado
2025-07-29 20:48:25,590 - services.content_extractor - INFO - Content Extractor inicializado com m√∫ltiplas estrat√©gias
2025-07-29 20:48:25,591 - services.search_manager - INFO - ‚úÖ Google Custom Search dispon√≠vel
2025-07-29 20:48:25,591 - services.search_manager - INFO - ‚úÖ Bing e DuckDuckGo sempre dispon√≠veis (scraping)
2025-07-29 20:48:25,591 - services.search_manager - INFO - Search Manager inicializado com 3 provedores dispon√≠veis
2025-07-29 20:48:25,592 - services.mental_drivers_architect - INFO - Mental Drivers Architect inicializado com 19 drivers universais
2025-07-29 20:48:25,593 - services.future_prediction_engine - INFO - Future Prediction Engine inicializado
2025-07-29 20:48:25,593 - services.ultra_detailed_analysis_engine - INFO - Ultra Detailed Analysis Engine inicializado - Modo GIGANTE ativado
2025-07-29 20:48:25,593 - services.enhanced_analysis_engine - INFO - Enhanced Analysis Engine inicializado - Sistemas: {'ai_manager': True, 'search_manager': True, 'content_extractor': True}
2025-07-29 20:48:26,004 - database - INFO - ‚úÖ DatabaseManager inicializado com Supabase
2025-07-29 20:48:26,126 - services.production_content_extractor - INFO - üöÄ Production Content Extractor inicializado
2025-07-29 20:48:26,134 - __main__ - INFO - üîß Iniciando ARQV30 Enhanced v2.0 em MODO DESENVOLVIMENTO
2025-07-29 20:48:26,134 - __main__ - INFO - Servidor: http://0.0.0.0:5000
2025-07-29 20:48:26,135 - __main__ - INFO - Encoding: UTF-8
2025-07-29 20:48:26,135 - __main__ - INFO - Locale: ('pt_BR', 'UTF-8')
2025-07-29 20:48:26,135 - __main__ - INFO - üîç Provedores de busca ativos: google, bing, duckduckgo
2025-07-29 20:48:26,147 - werkzeug - INFO - [31m[1mWARNING: This is a development server. Do not use it in a production deployment. Use a production WSGI server instead.[0m
 * Running on all addresses (0.0.0.0)
 * Running on http://127.0.0.1:5000
 * Running on http://192.168.0.5:5000
2025-07-29 20:48:26,147 - werkzeug - INFO - [33mPress CTRL+C to quit[0m
2025-07-29 20:48:26,148 - werkzeug - INFO -  * Restarting with stat
2025-07-29 20:48:26,933 - services.ai_manager - INFO - ‚úÖ Gemini Flash inicializado com sucesso
2025-07-29 20:48:26,934 - services.ai_manager - INFO - ‚úÖ HuggingFace inicializado com sucesso
2025-07-29 20:48:26,935 - services.ai_manager - INFO - AI Manager inicializado com 2 provedores dispon√≠veis
2025-07-29 20:48:27,019 - services.production_search_manager - INFO - üöÄ Production Search Manager inicializado
2025-07-29 20:48:27,020 - services.production_search_manager - INFO - üìä Provedores habilitados: google, bing, duckduckgo
2025-07-29 20:48:27,020 - services.production_search_manager - WARNING - ‚ö†Ô∏è Provedor serper desabilitado
2025-07-29 20:48:27,021 - services.content_extractor - INFO - Content Extractor inicializado com m√∫ltiplas estrat√©gias
2025-07-29 20:48:27,023 - services.search_manager - INFO - ‚úÖ Google Custom Search dispon√≠vel
2025-07-29 20:48:27,023 - services.search_manager - INFO - ‚úÖ Bing e DuckDuckGo sempre dispon√≠veis (scraping)
2025-07-29 20:48:27,023 - services.search_manager - INFO - Search Manager inicializado com 3 provedores dispon√≠veis
2025-07-29 20:48:27,024 - services.mental_drivers_architect - INFO - Mental Drivers Architect inicializado com 19 drivers universais
2025-07-29 20:48:27,025 - services.future_prediction_engine - INFO - Future Prediction Engine inicializado
2025-07-29 20:48:27,025 - services.ultra_detailed_analysis_engine - INFO - Ultra Detailed Analysis Engine inicializado - Modo GIGANTE ativado
2025-07-29 20:48:27,025 - services.enhanced_analysis_engine - INFO - Enhanced Analysis Engine inicializado - Sistemas: {'ai_manager': True, 'search_manager': True, 'content_extractor': True}
2025-07-29 20:48:27,431 - database - INFO - ‚úÖ DatabaseManager inicializado com Supabase
2025-07-29 20:48:27,557 - services.production_content_extractor - INFO - üöÄ Production Content Extractor inicializado
2025-07-29 20:48:27,566 - __main__ - INFO - üîß Iniciando ARQV30 Enhanced v2.0 em MODO DESENVOLVIMENTO
2025-07-29 20:48:27,566 - __main__ - INFO - Servidor: http://0.0.0.0:5000
2025-07-29 20:48:27,566 - __main__ - INFO - Encoding: UTF-8
2025-07-29 20:48:27,567 - __main__ - INFO - Locale: ('pt_BR', 'UTF-8')
2025-07-29 20:48:27,571 - __main__ - INFO - üîç Provedores de busca ativos: google, bing, duckduckgo
2025-07-29 20:48:27,576 - werkzeug - WARNING -  * Debugger is active!
2025-07-29 20:48:27,580 - werkzeug - INFO -  * Debugger PIN: 508-403-215
2025-07-29 20:50:01,857 - services.ai_manager - INFO - ‚úÖ Gemini Flash inicializado com sucesso
2025-07-29 20:50:01,857 - services.ai_manager - INFO - ‚úÖ HuggingFace inicializado com sucesso
2025-07-29 20:50:01,858 - services.ai_manager - INFO - AI Manager inicializado com 2 provedores dispon√≠veis
2025-07-29 20:50:01,942 - services.production_search_manager - INFO - üöÄ Production Search Manager inicializado
2025-07-29 20:50:01,942 - services.production_search_manager - INFO - üìä Provedores habilitados: google, bing, duckduckgo
2025-07-29 20:50:01,943 - services.production_search_manager - WARNING - ‚ö†Ô∏è Provedor serper desabilitado
2025-07-29 20:50:01,944 - services.content_extractor - INFO - Content Extractor inicializado com m√∫ltiplas estrat√©gias
2025-07-29 20:50:01,945 - services.search_manager - INFO - ‚úÖ Google Custom Search dispon√≠vel
2025-07-29 20:50:01,945 - services.search_manager - INFO - ‚úÖ Bing e DuckDuckGo sempre dispon√≠veis (scraping)
2025-07-29 20:50:01,945 - services.search_manager - INFO - Search Manager inicializado com 3 provedores dispon√≠veis
2025-07-29 20:50:01,946 - services.mental_drivers_architect - INFO - Mental Drivers Architect inicializado com 19 drivers universais
2025-07-29 20:50:01,947 - services.future_prediction_engine - INFO - Future Prediction Engine inicializado
2025-07-29 20:50:01,947 - services.ultra_detailed_analysis_engine - INFO - Ultra Detailed Analysis Engine inicializado - Modo GIGANTE ativado
2025-07-29 20:50:01,947 - services.enhanced_analysis_engine - INFO - Enhanced Analysis Engine inicializado - Sistemas: {'ai_manager': True, 'search_manager': True, 'content_extractor': True}
2025-07-29 20:50:02,354 - database - INFO - ‚úÖ DatabaseManager inicializado com Supabase
2025-07-29 20:50:02,475 - services.production_content_extractor - INFO - üöÄ Production Content Extractor inicializado
2025-07-29 20:50:02,484 - __main__ - INFO - üîß Iniciando ARQV30 Enhanced v2.0 em MODO DESENVOLVIMENTO
2025-07-29 20:50:02,484 - __main__ - INFO - Servidor: http://0.0.0.0:5000
2025-07-29 20:50:02,484 - __main__ - INFO - Encoding: UTF-8
2025-07-29 20:50:02,484 - __main__ - INFO - Locale: ('pt_BR', 'UTF-8')
2025-07-29 20:50:02,485 - __main__ - INFO - üîç Provedores de busca ativos: google, bing, duckduckgo
2025-07-29 20:50:02,496 - werkzeug - INFO - [31m[1mWARNING: This is a development server. Do not use it in a production deployment. Use a production WSGI server instead.[0m
 * Running on all addresses (0.0.0.0)
 * Running on http://127.0.0.1:5000
 * Running on http://192.168.0.5:5000
2025-07-29 20:50:02,496 - werkzeug - INFO - [33mPress CTRL+C to quit[0m
2025-07-29 20:50:02,497 - werkzeug - INFO -  * Restarting with stat
2025-07-29 20:50:03,275 - services.ai_manager - INFO - ‚úÖ Gemini Flash inicializado com sucesso
2025-07-29 20:50:03,275 - services.ai_manager - INFO - ‚úÖ HuggingFace inicializado com sucesso
2025-07-29 20:50:03,276 - services.ai_manager - INFO - AI Manager inicializado com 2 provedores dispon√≠veis
2025-07-29 20:50:03,360 - services.production_search_manager - INFO - üöÄ Production Search Manager inicializado
2025-07-29 20:50:03,360 - services.production_search_manager - INFO - üìä Provedores habilitados: google, bing, duckduckgo
2025-07-29 20:50:03,361 - services.production_search_manager - WARNING - ‚ö†Ô∏è Provedor serper desabilitado
2025-07-29 20:50:03,361 - services.content_extractor - INFO - Content Extractor inicializado com m√∫ltiplas estrat√©gias
2025-07-29 20:50:03,362 - services.search_manager - INFO - ‚úÖ Google Custom Search dispon√≠vel
2025-07-29 20:50:03,363 - services.search_manager - INFO - ‚úÖ Bing e DuckDuckGo sempre dispon√≠veis (scraping)
2025-07-29 20:50:03,363 - services.search_manager - INFO - Search Manager inicializado com 3 provedores dispon√≠veis
2025-07-29 20:50:03,363 - services.mental_drivers_architect - INFO - Mental Drivers Architect inicializado com 19 drivers universais
2025-07-29 20:50:03,364 - services.future_prediction_engine - INFO - Future Prediction Engine inicializado
2025-07-29 20:50:03,364 - services.ultra_detailed_analysis_engine - INFO - Ultra Detailed Analysis Engine inicializado - Modo GIGANTE ativado
2025-07-29 20:50:03,364 - services.enhanced_analysis_engine - INFO - Enhanced Analysis Engine inicializado - Sistemas: {'ai_manager': True, 'search_manager': True, 'content_extractor': True}
2025-07-29 20:50:03,768 - database - INFO - ‚úÖ DatabaseManager inicializado com Supabase
2025-07-29 20:50:03,888 - services.production_content_extractor - INFO - üöÄ Production Content Extractor inicializado
2025-07-29 20:50:03,896 - __main__ - INFO - üîß Iniciando ARQV30 Enhanced v2.0 em MODO DESENVOLVIMENTO
2025-07-29 20:50:03,896 - __main__ - INFO - Servidor: http://0.0.0.0:5000
2025-07-29 20:50:03,897 - __main__ - INFO - Encoding: UTF-8
2025-07-29 20:50:03,897 - __main__ - INFO - Locale: ('pt_BR', 'UTF-8')
2025-07-29 20:50:03,897 - __main__ - INFO - üîç Provedores de busca ativos: google, bing, duckduckgo
2025-07-29 20:50:03,902 - werkzeug - WARNING -  * Debugger is active!
2025-07-29 20:50:03,906 - werkzeug - INFO -  * Debugger PIN: 508-403-215
2025-07-29 20:50:07,548 - werkzeug - INFO - 127.0.0.1 - - [29/Jul/2025 20:50:07] "GET / HTTP/1.1" 200 -
2025-07-29 20:50:13,331 - routes.analysis - INFO - üöÄ Iniciando an√°lise para segmento: cursos telemedicina
2025-07-29 20:50:13,331 - services.enhanced_analysis_engine - INFO - üöÄ Iniciando an√°lise abrangente para cursos telemedicina
2025-07-29 20:50:13,332 - services.enhanced_analysis_engine - INFO - üìä FASE 1: Coleta de dados...
2025-07-29 20:50:13,333 - services.enhanced_analysis_engine - INFO - üöÄ Ativando motor de an√°lise GIGANTE...
2025-07-29 20:50:13,334 - services.ultra_detailed_analysis_engine - INFO - üöÄ INICIANDO AN√ÅLISE GIGANTE ULTRA-DETALHADA
2025-07-29 20:50:13,334 - services.ultra_detailed_analysis_engine - INFO - üìä Coletando dados massivos...
2025-07-29 20:50:13,334 - services.ultra_detailed_analysis_engine - INFO - üß† Executando an√°lise ultra-profunda...
2025-07-29 20:50:13,335 - services.ai_manager - INFO - ü§ñ Usando provedor: gemini
2025-07-29 20:50:13,345 - werkzeug - INFO - 127.0.0.1 - - [29/Jul/2025 20:50:13] "GET /?segmento=cursos+telemedicina&produto=&preco=&publico=&objetivo_receita=&orcamento_marketing=&prazo_lancamento=&concorrentes=&query=&dados_adicionais= HTTP/1.1" 200 -
2025-07-29 20:51:21,589 - services.ai_manager - INFO - ‚úÖ Gemini Flash inicializado com sucesso
2025-07-29 20:51:21,589 - services.ai_manager - INFO - ‚úÖ HuggingFace inicializado com sucesso
2025-07-29 20:51:21,591 - services.ai_manager - INFO - AI Manager inicializado com 2 provedores dispon√≠veis
2025-07-29 20:51:21,674 - services.production_search_manager - INFO - üöÄ Production Search Manager inicializado
2025-07-29 20:51:21,674 - services.production_search_manager - INFO - üìä Provedores habilitados: google, bing, duckduckgo
2025-07-29 20:51:21,675 - services.production_search_manager - WARNING - ‚ö†Ô∏è Provedor serper desabilitado
2025-07-29 20:51:21,676 - services.content_extractor - INFO - Content Extractor inicializado com m√∫ltiplas estrat√©gias
2025-07-29 20:51:21,677 - services.search_manager - INFO - ‚úÖ Google Custom Search dispon√≠vel
2025-07-29 20:51:21,677 - services.search_manager - INFO - ‚úÖ Bing e DuckDuckGo sempre dispon√≠veis (scraping)
2025-07-29 20:51:21,677 - services.search_manager - INFO - Search Manager inicializado com 3 provedores dispon√≠veis
2025-07-29 20:51:21,678 - services.mental_drivers_architect - INFO - Mental Drivers Architect inicializado com 19 drivers universais
2025-07-29 20:51:21,679 - services.future_prediction_engine - INFO - Future Prediction Engine inicializado
2025-07-29 20:51:21,679 - services.ultra_detailed_analysis_engine - INFO - Ultra Detailed Analysis Engine inicializado - Modo GIGANTE ativado
2025-07-29 20:51:21,679 - services.enhanced_analysis_engine - INFO - Enhanced Analysis Engine inicializado - Sistemas: {'ai_manager': True, 'search_manager': True, 'content_extractor': True}
2025-07-29 20:51:22,090 - database - INFO - ‚úÖ DatabaseManager inicializado com Supabase
2025-07-29 20:51:22,210 - services.production_content_extractor - INFO - üöÄ Production Content Extractor inicializado
2025-07-29 20:51:22,218 - __main__ - INFO - üîß Iniciando ARQV30 Enhanced v2.0 em MODO DESENVOLVIMENTO
2025-07-29 20:51:22,218 - __main__ - INFO - Servidor: http://0.0.0.0:5000
2025-07-29 20:51:22,219 - __main__ - INFO - Encoding: UTF-8
2025-07-29 20:51:22,219 - __main__ - INFO - Locale: ('pt_BR', 'UTF-8')
2025-07-29 20:51:22,219 - __main__ - INFO - üîç Provedores de busca ativos: google, bing, duckduckgo
2025-07-29 20:51:22,231 - werkzeug - INFO - [31m[1mWARNING: This is a development server. Do not use it in a production deployment. Use a production WSGI server instead.[0m
 * Running on all addresses (0.0.0.0)
 * Running on http://127.0.0.1:5000
 * Running on http://192.168.0.5:5000
2025-07-29 20:51:22,231 - werkzeug - INFO - [33mPress CTRL+C to quit[0m
2025-07-29 20:51:22,232 - werkzeug - INFO -  * Restarting with stat
2025-07-29 20:51:23,024 - services.ai_manager - INFO - ‚úÖ Gemini Flash inicializado com sucesso
2025-07-29 20:51:23,025 - services.ai_manager - INFO - ‚úÖ HuggingFace inicializado com sucesso
2025-07-29 20:51:23,025 - services.ai_manager - INFO - AI Manager inicializado com 2 provedores dispon√≠veis
2025-07-29 20:51:23,109 - services.production_search_manager - INFO - üöÄ Production Search Manager inicializado
2025-07-29 20:51:23,109 - services.production_search_manager - INFO - üìä Provedores habilitados: google, bing, duckduckgo
2025-07-29 20:51:23,109 - services.production_search_manager - WARNING - ‚ö†Ô∏è Provedor serper desabilitado
2025-07-29 20:51:23,110 - services.content_extractor - INFO - Content Extractor inicializado com m√∫ltiplas estrat√©gias
2025-07-29 20:51:23,111 - services.search_manager - INFO - ‚úÖ Google Custom Search dispon√≠vel
2025-07-29 20:51:23,111 - services.search_manager - INFO - ‚úÖ Bing e DuckDuckGo sempre dispon√≠veis (scraping)
2025-07-29 20:51:23,111 - services.search_manager - INFO - Search Manager inicializado com 3 provedores dispon√≠veis
2025-07-29 20:51:23,112 - services.mental_drivers_architect - INFO - Mental Drivers Architect inicializado com 19 drivers universais
2025-07-29 20:51:23,112 - services.future_prediction_engine - INFO - Future Prediction Engine inicializado
2025-07-29 20:51:23,112 - services.ultra_detailed_analysis_engine - INFO - Ultra Detailed Analysis Engine inicializado - Modo GIGANTE ativado
2025-07-29 20:51:23,113 - services.enhanced_analysis_engine - INFO - Enhanced Analysis Engine inicializado - Sistemas: {'ai_manager': True, 'search_manager': True, 'content_extractor': True}
2025-07-29 20:51:23,518 - database - INFO - ‚úÖ DatabaseManager inicializado com Supabase
2025-07-29 20:51:23,637 - services.production_content_extractor - INFO - üöÄ Production Content Extractor inicializado
2025-07-29 20:51:23,645 - __main__ - INFO - üîß Iniciando ARQV30 Enhanced v2.0 em MODO DESENVOLVIMENTO
2025-07-29 20:51:23,645 - __main__ - INFO - Servidor: http://0.0.0.0:5000
2025-07-29 20:51:23,645 - __main__ - INFO - Encoding: UTF-8
2025-07-29 20:51:23,645 - __main__ - INFO - Locale: ('pt_BR', 'UTF-8')
2025-07-29 20:51:23,645 - __main__ - INFO - üîç Provedores de busca ativos: google, bing, duckduckgo
2025-07-29 20:51:23,650 - werkzeug - WARNING -  * Debugger is active!
2025-07-29 20:51:23,654 - werkzeug - INFO -  * Debugger PIN: 508-403-215
2025-07-29 20:51:28,814 - werkzeug - INFO - 127.0.0.1 - - [29/Jul/2025 20:51:28] "GET / HTTP/1.1" 200 -
2025-07-29 20:51:34,000 - routes.analysis - INFO - üöÄ Iniciando an√°lise para segmento: cursos telemedicina
2025-07-29 20:51:34,000 - services.enhanced_analysis_engine - INFO - üöÄ Iniciando an√°lise abrangente para cursos telemedicina
2025-07-29 20:51:34,003 - services.enhanced_analysis_engine - INFO - üìä FASE 1: Coleta de dados...
2025-07-29 20:51:34,004 - services.enhanced_analysis_engine - INFO - üöÄ Ativando motor de an√°lise GIGANTE...
2025-07-29 20:51:34,005 - services.ultra_detailed_analysis_engine - INFO - üöÄ INICIANDO AN√ÅLISE GIGANTE ULTRA-DETALHADA
2025-07-29 20:51:34,005 - services.ultra_detailed_analysis_engine - INFO - üìä Coletando dados massivos...
2025-07-29 20:51:34,006 - services.ultra_detailed_analysis_engine - INFO - üß† Executando an√°lise ultra-profunda...
2025-07-29 20:51:34,006 - services.ai_manager - INFO - ü§ñ Usando provedor: gemini
2025-07-29 20:51:34,016 - werkzeug - INFO - 127.0.0.1 - - [29/Jul/2025 20:51:34] "GET /?segmento=cursos+telemedicina&produto=&preco=&publico=&objetivo_receita=&orcamento_marketing=&prazo_lancamento=&concorrentes=&query=&dados_adicionais= HTTP/1.1" 200 -
2025-07-29 20:51:40,624 - services.ai_manager - INFO - ‚úÖ Gemini gerou 3077 caracteres
2025-07-29 20:51:40,624 - services.mental_drivers_architect - INFO - üß† Gerando sistema completo de drivers mentais...
2025-07-29 20:51:40,626 - services.future_prediction_engine - INFO - üîÆ Predizendo futuro do mercado cursos telemedicina para 60 meses
2025-07-29 20:51:40,631 - services.enhanced_analysis_engine - ERROR - ‚ùå Erro na an√°lise abrangente: could not convert string to float: ''
Traceback (most recent call last):
  File "C:\Users\user\Desktop\Nova pasta (3)\project\src\services\enhanced_analysis_engine.py", line 53, in generate_comprehensive_analysis
    gigantic_analysis = ultra_detailed_analysis_engine.generate_gigantic_analysis(data, session_id)
                        ^^^^^^^^^^^^^^^^^^^^^^^^^^^^^^^^^^^^^^^^^^^^^^^^^^^^^^^^^^^^^^^^^^^^^^^^^^^
  File "C:\Users\user\Desktop\Nova pasta (3)\project\src\services\ultra_detailed_analysis_engine.py", line 58, in generate_gigantic_analysis
    gigantic_report = self._consolidate_gigantic_report(
                      ^^^^^^^^^^^^^^^^^^^^^^^^^^^^^^^^^^
  File "C:\Users\user\Desktop\Nova pasta (3)\project\src\services\ultra_detailed_analysis_engine.py", line 684, in _consolidate_gigantic_report
    "analise_roi_ultra_detalhada": self._create_ultra_detailed_roi_analysis(data),
                                   ^^^^^^^^^^^^^^^^^^^^^^^^^^^^^^^^^^^^^^^^^^^^^^
  File "C:\Users\user\Desktop\Nova pasta (3)\project\src\services\ultra_detailed_analysis_engine.py", line 1023, in _create_ultra_detailed_roi_analysis
    preco = float(data.get('preco', 997))
            ^^^^^^^^^^^^^^^^^^^^^^^^^^^^^
ValueError: could not convert string to float: ''
2025-07-29 20:51:40,633 - services.enhanced_analysis_engine - ERROR - Gerando an√°lise de emerg√™ncia devido a: could not convert string to float: ''
2025-07-29 20:51:40,634 - routes.analysis - ERROR - ‚ùå Erro na an√°lise: name 'search_manager' is not defined
Traceback (most recent call last):
  File "C:\Users\user\Desktop\Nova pasta (3)\project\src\services\enhanced_analysis_engine.py", line 53, in generate_comprehensive_analysis
    gigantic_analysis = ultra_detailed_analysis_engine.generate_gigantic_analysis(data, session_id)
                        ^^^^^^^^^^^^^^^^^^^^^^^^^^^^^^^^^^^^^^^^^^^^^^^^^^^^^^^^^^^^^^^^^^^^^^^^^^^
  File "C:\Users\user\Desktop\Nova pasta (3)\project\src\services\ultra_detailed_analysis_engine.py", line 58, in generate_gigantic_analysis
    gigantic_report = self._consolidate_gigantic_report(
                      ^^^^^^^^^^^^^^^^^^^^^^^^^^^^^^^^^^
  File "C:\Users\user\Desktop\Nova pasta (3)\project\src\services\ultra_detailed_analysis_engine.py", line 684, in _consolidate_gigantic_report
    "analise_roi_ultra_detalhada": self._create_ultra_detailed_roi_analysis(data),
                                   ^^^^^^^^^^^^^^^^^^^^^^^^^^^^^^^^^^^^^^^^^^^^^^
  File "C:\Users\user\Desktop\Nova pasta (3)\project\src\services\ultra_detailed_analysis_engine.py", line 1023, in _create_ultra_detailed_roi_analysis
    preco = float(data.get('preco', 997))
            ^^^^^^^^^^^^^^^^^^^^^^^^^^^^^
ValueError: could not convert string to float: ''

During handling of the above exception, another exception occurred:

Traceback (most recent call last):
  File "C:\Users\user\Desktop\Nova pasta (3)\project\src\routes\analysis.py", line 49, in analyze_market
    analysis_result = enhanced_analysis_engine.generate_comprehensive_analysis(data, session_id)
                      ^^^^^^^^^^^^^^^^^^^^^^^^^^^^^^^^^^^^^^^^^^^^^^^^^^^^^^^^^^^^^^^^^^^^^^^^^^
  File "C:\Users\user\Desktop\Nova pasta (3)\project\src\services\enhanced_analysis_engine.py", line 98, in generate_comprehensive_analysis
    return self._generate_fallback_analysis(data, str(e))
           ^^^^^^^^^^^^^^^^^^^^^^^^^^^^^^^^^^^^^^^^^^^^^^
  File "C:\Users\user\Desktop\Nova pasta (3)\project\src\services\enhanced_analysis_engine.py", line 985, in _generate_fallback_analysis
    "search_providers": search_manager.get_provider_status()
                        ^^^^^^^^^^^^^^
NameError: name 'search_manager' is not defined
2025-07-29 20:51:40,636 - werkzeug - INFO - 127.0.0.1 - - [29/Jul/2025 20:51:40] "[35m[1mPOST /api/analyze HTTP/1.1[0m" 500 -
2025-07-29 20:52:02,082 - services.ai_manager - INFO - ‚úÖ Gemini Flash inicializado com sucesso
2025-07-29 20:52:02,082 - services.ai_manager - INFO - ‚úÖ HuggingFace inicializado com sucesso
2025-07-29 20:52:02,083 - services.ai_manager - INFO - AI Manager inicializado com 2 provedores dispon√≠veis
2025-07-29 20:52:02,168 - services.production_search_manager - INFO - üöÄ Production Search Manager inicializado
2025-07-29 20:52:02,168 - services.production_search_manager - INFO - üìä Provedores habilitados: google, bing, duckduckgo
2025-07-29 20:52:02,169 - services.production_search_manager - WARNING - ‚ö†Ô∏è Provedor serper desabilitado
2025-07-29 20:52:02,170 - services.content_extractor - INFO - Content Extractor inicializado com m√∫ltiplas estrat√©gias
2025-07-29 20:52:02,172 - services.search_manager - INFO - ‚úÖ Google Custom Search dispon√≠vel
2025-07-29 20:52:02,172 - services.search_manager - INFO - ‚úÖ Bing e DuckDuckGo sempre dispon√≠veis (scraping)
2025-07-29 20:52:02,172 - services.search_manager - INFO - Search Manager inicializado com 3 provedores dispon√≠veis
2025-07-29 20:52:02,173 - services.mental_drivers_architect - INFO - Mental Drivers Architect inicializado com 19 drivers universais
2025-07-29 20:52:02,174 - services.future_prediction_engine - INFO - Future Prediction Engine inicializado
2025-07-29 20:52:02,174 - services.ultra_detailed_analysis_engine - INFO - Ultra Detailed Analysis Engine inicializado - Modo GIGANTE ativado
2025-07-29 20:52:02,174 - services.enhanced_analysis_engine - INFO - Enhanced Analysis Engine inicializado - Sistemas: {'ai_manager': True, 'search_manager': True, 'content_extractor': True}
2025-07-29 20:52:02,581 - database - INFO - ‚úÖ DatabaseManager inicializado com Supabase
2025-07-29 20:52:02,700 - services.production_content_extractor - INFO - üöÄ Production Content Extractor inicializado
2025-07-29 20:52:02,708 - __main__ - INFO - üîß Iniciando ARQV30 Enhanced v2.0 em MODO DESENVOLVIMENTO
2025-07-29 20:52:02,708 - __main__ - INFO - Servidor: http://0.0.0.0:5000
2025-07-29 20:52:02,708 - __main__ - INFO - Encoding: UTF-8
2025-07-29 20:52:02,709 - __main__ - INFO - Locale: ('pt_BR', 'UTF-8')
2025-07-29 20:52:02,709 - __main__ - INFO - üîç Provedores de busca ativos: google, bing, duckduckgo
2025-07-29 20:52:02,720 - werkzeug - INFO - [31m[1mWARNING: This is a development server. Do not use it in a production deployment. Use a production WSGI server instead.[0m
 * Running on all addresses (0.0.0.0)
 * Running on http://127.0.0.1:5000
 * Running on http://192.168.0.5:5000
2025-07-29 20:52:02,720 - werkzeug - INFO - [33mPress CTRL+C to quit[0m
2025-07-29 20:52:02,721 - werkzeug - INFO -  * Restarting with stat
2025-07-29 20:52:03,500 - services.ai_manager - INFO - ‚úÖ Gemini Flash inicializado com sucesso
2025-07-29 20:52:03,500 - services.ai_manager - INFO - ‚úÖ HuggingFace inicializado com sucesso
2025-07-29 20:52:03,501 - services.ai_manager - INFO - AI Manager inicializado com 2 provedores dispon√≠veis
2025-07-29 20:52:03,583 - services.production_search_manager - INFO - üöÄ Production Search Manager inicializado
2025-07-29 20:52:03,583 - services.production_search_manager - INFO - üìä Provedores habilitados: google, bing, duckduckgo
2025-07-29 20:52:03,584 - services.production_search_manager - WARNING - ‚ö†Ô∏è Provedor serper desabilitado
2025-07-29 20:52:03,585 - services.content_extractor - INFO - Content Extractor inicializado com m√∫ltiplas estrat√©gias
2025-07-29 20:52:03,586 - services.search_manager - INFO - ‚úÖ Google Custom Search dispon√≠vel
2025-07-29 20:52:03,586 - services.search_manager - INFO - ‚úÖ Bing e DuckDuckGo sempre dispon√≠veis (scraping)
2025-07-29 20:52:03,587 - services.search_manager - INFO - Search Manager inicializado com 3 provedores dispon√≠veis
2025-07-29 20:52:03,587 - services.mental_drivers_architect - INFO - Mental Drivers Architect inicializado com 19 drivers universais
2025-07-29 20:52:03,588 - services.future_prediction_engine - INFO - Future Prediction Engine inicializado
2025-07-29 20:52:03,588 - services.ultra_detailed_analysis_engine - INFO - Ultra Detailed Analysis Engine inicializado - Modo GIGANTE ativado
2025-07-29 20:52:03,589 - services.enhanced_analysis_engine - INFO - Enhanced Analysis Engine inicializado - Sistemas: {'ai_manager': True, 'search_manager': True, 'content_extractor': True}
2025-07-29 20:52:03,991 - database - INFO - ‚úÖ DatabaseManager inicializado com Supabase
2025-07-29 20:52:04,111 - services.production_content_extractor - INFO - üöÄ Production Content Extractor inicializado
2025-07-29 20:52:04,119 - __main__ - INFO - üîß Iniciando ARQV30 Enhanced v2.0 em MODO DESENVOLVIMENTO
2025-07-29 20:52:04,120 - __main__ - INFO - Servidor: http://0.0.0.0:5000
2025-07-29 20:52:04,120 - __main__ - INFO - Encoding: UTF-8
2025-07-29 20:52:04,120 - __main__ - INFO - Locale: ('pt_BR', 'UTF-8')
2025-07-29 20:52:04,121 - __main__ - INFO - üîç Provedores de busca ativos: google, bing, duckduckgo
2025-07-29 20:52:04,125 - werkzeug - WARNING -  * Debugger is active!
2025-07-29 20:52:04,129 - werkzeug - INFO -  * Debugger PIN: 508-403-215
2025-07-29 20:52:07,827 - werkzeug - INFO - 127.0.0.1 - - [29/Jul/2025 20:52:07] "GET /?segmento=cursos+telemedicina&produto=&preco=&publico=&objetivo_receita=&orcamento_marketing=&prazo_lancamento=&concorrentes=&query=&dados_adicionais= HTTP/1.1" 200 -
2025-07-29 20:52:07,915 - werkzeug - INFO - 127.0.0.1 - - [29/Jul/2025 20:52:07] "GET /static/images/favicon.ico HTTP/1.1" 200 -
2025-07-29 20:52:12,232 - routes.analysis - INFO - üöÄ Iniciando an√°lise para segmento: cursos telemedicina
2025-07-29 20:52:12,232 - services.enhanced_analysis_engine - INFO - üöÄ Iniciando an√°lise abrangente para cursos telemedicina
2025-07-29 20:52:12,233 - services.enhanced_analysis_engine - INFO - üìä FASE 1: Coleta de dados...
2025-07-29 20:52:12,233 - services.enhanced_analysis_engine - INFO - üöÄ Ativando motor de an√°lise GIGANTE...
2025-07-29 20:52:12,233 - services.ultra_detailed_analysis_engine - INFO - üöÄ INICIANDO AN√ÅLISE GIGANTE ULTRA-DETALHADA
2025-07-29 20:52:12,233 - services.ultra_detailed_analysis_engine - INFO - üìä Coletando dados massivos...
2025-07-29 20:52:12,233 - services.ultra_detailed_analysis_engine - INFO - üß† Executando an√°lise ultra-profunda...
2025-07-29 20:52:12,233 - services.ai_manager - INFO - ü§ñ Usando provedor: gemini
2025-07-29 20:52:12,549 - werkzeug - INFO - 127.0.0.1 - - [29/Jul/2025 20:52:12] "GET /?segmento=cursos+telemedicina&produto=&preco=&publico=&objetivo_receita=&orcamento_marketing=&prazo_lancamento=&concorrentes=&query=&dados_adicionais= HTTP/1.1" 200 -
2025-07-29 20:52:16,698 - services.ai_manager - INFO - ‚úÖ Gemini gerou 1948 caracteres
2025-07-29 20:52:16,699 - services.mental_drivers_architect - INFO - üß† Gerando sistema completo de drivers mentais...
2025-07-29 20:52:16,700 - services.future_prediction_engine - INFO - üîÆ Predizendo futuro do mercado cursos telemedicina para 60 meses
2025-07-29 20:52:16,700 - services.enhanced_analysis_engine - ERROR - ‚ùå Erro na an√°lise abrangente: could not convert string to float: ''
Traceback (most recent call last):
  File "C:\Users\user\Desktop\Nova pasta (3)\project\src\services\enhanced_analysis_engine.py", line 53, in generate_comprehensive_analysis
    gigantic_analysis = ultra_detailed_analysis_engine.generate_gigantic_analysis(data, session_id)
                        ^^^^^^^^^^^^^^^^^^^^^^^^^^^^^^^^^^^^^^^^^^^^^^^^^^^^^^^^^^^^^^^^^^^^^^^^^^^
  File "C:\Users\user\Desktop\Nova pasta (3)\project\src\services\ultra_detailed_analysis_engine.py", line 58, in generate_gigantic_analysis
    gigantic_report = self._consolidate_gigantic_report(
                      ^^^^^^^^^^^^^^^^^^^^^^^^^^^^^^^^^^
  File "C:\Users\user\Desktop\Nova pasta (3)\project\src\services\ultra_detailed_analysis_engine.py", line 684, in _consolidate_gigantic_report
    "analise_roi_ultra_detalhada": self._create_ultra_detailed_roi_analysis(data),
                                   ^^^^^^^^^^^^^^^^^^^^^^^^^^^^^^^^^^^^^^^^^^^^^^
  File "C:\Users\user\Desktop\Nova pasta (3)\project\src\services\ultra_detailed_analysis_engine.py", line 1023, in _create_ultra_detailed_roi_analysis
    preco = float(data.get('preco', 997))
            ^^^^^^^^^^^^^^^^^^^^^^^^^^^^^
ValueError: could not convert string to float: ''
2025-07-29 20:52:16,702 - services.enhanced_analysis_engine - ERROR - Gerando an√°lise de emerg√™ncia devido a: could not convert string to float: ''
2025-07-29 20:52:16,703 - routes.analysis - ERROR - ‚ùå Erro na an√°lise: name 'search_manager' is not defined
Traceback (most recent call last):
  File "C:\Users\user\Desktop\Nova pasta (3)\project\src\services\enhanced_analysis_engine.py", line 53, in generate_comprehensive_analysis
    gigantic_analysis = ultra_detailed_analysis_engine.generate_gigantic_analysis(data, session_id)
                        ^^^^^^^^^^^^^^^^^^^^^^^^^^^^^^^^^^^^^^^^^^^^^^^^^^^^^^^^^^^^^^^^^^^^^^^^^^^
  File "C:\Users\user\Desktop\Nova pasta (3)\project\src\services\ultra_detailed_analysis_engine.py", line 58, in generate_gigantic_analysis
    gigantic_report = self._consolidate_gigantic_report(
                      ^^^^^^^^^^^^^^^^^^^^^^^^^^^^^^^^^^
  File "C:\Users\user\Desktop\Nova pasta (3)\project\src\services\ultra_detailed_analysis_engine.py", line 684, in _consolidate_gigantic_report
    "analise_roi_ultra_detalhada": self._create_ultra_detailed_roi_analysis(data),
                                   ^^^^^^^^^^^^^^^^^^^^^^^^^^^^^^^^^^^^^^^^^^^^^^
  File "C:\Users\user\Desktop\Nova pasta (3)\project\src\services\ultra_detailed_analysis_engine.py", line 1023, in _create_ultra_detailed_roi_analysis
    preco = float(data.get('preco', 997))
            ^^^^^^^^^^^^^^^^^^^^^^^^^^^^^
ValueError: could not convert string to float: ''

During handling of the above exception, another exception occurred:

Traceback (most recent call last):
  File "C:\Users\user\Desktop\Nova pasta (3)\project\src\routes\analysis.py", line 49, in analyze_market
    analysis_result = enhanced_analysis_engine.generate_comprehensive_analysis(data, session_id)
                      ^^^^^^^^^^^^^^^^^^^^^^^^^^^^^^^^^^^^^^^^^^^^^^^^^^^^^^^^^^^^^^^^^^^^^^^^^^
  File "C:\Users\user\Desktop\Nova pasta (3)\project\src\services\enhanced_analysis_engine.py", line 98, in generate_comprehensive_analysis
    return self._generate_fallback_analysis(data, str(e))
           ^^^^^^^^^^^^^^^^^^^^^^^^^^^^^^^^^^^^^^^^^^^^^^
  File "C:\Users\user\Desktop\Nova pasta (3)\project\src\services\enhanced_analysis_engine.py", line 985, in _generate_fallback_analysis
    "search_providers": search_manager.get_provider_status()
                        ^^^^^^^^^^^^^^
NameError: name 'search_manager' is not defined
2025-07-29 20:52:16,705 - werkzeug - INFO - 127.0.0.1 - - [29/Jul/2025 20:52:16] "[35m[1mPOST /api/analyze HTTP/1.1[0m" 500 -
2025-07-29 20:55:41,972 - services.ai_manager - INFO - ‚úÖ Gemini Flash inicializado com sucesso
2025-07-29 20:55:41,972 - services.ai_manager - INFO - ‚úÖ HuggingFace inicializado com sucesso
2025-07-29 20:55:41,972 - services.ai_manager - INFO - AI Manager inicializado com 2 provedores dispon√≠veis
2025-07-29 20:55:42,081 - services.production_search_manager - INFO - üöÄ Production Search Manager inicializado
2025-07-29 20:55:42,081 - services.production_search_manager - INFO - üìä Provedores habilitados: google, bing, duckduckgo
2025-07-29 20:55:42,081 - services.production_search_manager - WARNING - ‚ö†Ô∏è Provedor serper desabilitado
2025-07-29 20:55:42,081 - services.content_extractor - INFO - Content Extractor inicializado com m√∫ltiplas estrat√©gias
2025-07-29 20:55:42,097 - services.search_manager - INFO - ‚úÖ Google Custom Search dispon√≠vel
2025-07-29 20:55:42,097 - services.search_manager - INFO - ‚úÖ Bing e DuckDuckGo sempre dispon√≠veis (scraping)
2025-07-29 20:55:42,097 - services.search_manager - INFO - Search Manager inicializado com 3 provedores dispon√≠veis
2025-07-29 20:55:42,097 - services.mental_drivers_architect - INFO - Mental Drivers Architect inicializado com 19 drivers universais
2025-07-29 20:55:42,112 - services.future_prediction_engine - INFO - Future Prediction Engine inicializado
2025-07-29 20:55:42,112 - services.ultra_detailed_analysis_engine - INFO - Ultra Detailed Analysis Engine inicializado - Modo GIGANTE ativado
2025-07-29 20:55:42,112 - services.enhanced_analysis_engine - INFO - Enhanced Analysis Engine inicializado - Sistemas: {'ai_manager': True, 'search_manager': True, 'content_extractor': True}
2025-07-29 20:55:42,576 - database - INFO - ‚úÖ DatabaseManager inicializado com Supabase
2025-07-29 20:55:42,717 - services.production_content_extractor - INFO - üöÄ Production Content Extractor inicializado
2025-07-29 20:55:42,732 - __main__ - INFO - üîß Iniciando ARQV30 Enhanced v2.0 em MODO DESENVOLVIMENTO
2025-07-29 20:55:42,732 - __main__ - INFO - Servidor: http://0.0.0.0:5000
2025-07-29 20:55:42,732 - __main__ - INFO - Encoding: UTF-8
2025-07-29 20:55:42,732 - __main__ - INFO - Locale: ('pt_BR', 'UTF-8')
2025-07-29 20:55:42,732 - __main__ - INFO - üîç Provedores de busca ativos: google, bing, duckduckgo
2025-07-29 20:55:42,748 - werkzeug - INFO - [31m[1mWARNING: This is a development server. Do not use it in a production deployment. Use a production WSGI server instead.[0m
 * Running on all addresses (0.0.0.0)
 * Running on http://127.0.0.1:5000
 * Running on http://192.168.0.5:5000
2025-07-29 20:55:42,748 - werkzeug - INFO - [33mPress CTRL+C to quit[0m
2025-07-29 20:55:42,748 - werkzeug - INFO -  * Restarting with stat
2025-07-29 20:55:43,592 - services.ai_manager - INFO - ‚úÖ Gemini Flash inicializado com sucesso
2025-07-29 20:55:43,592 - services.ai_manager - INFO - ‚úÖ HuggingFace inicializado com sucesso
2025-07-29 20:55:43,592 - services.ai_manager - INFO - AI Manager inicializado com 2 provedores dispon√≠veis
2025-07-29 20:55:43,670 - services.production_search_manager - INFO - üöÄ Production Search Manager inicializado
2025-07-29 20:55:43,670 - services.production_search_manager - INFO - üìä Provedores habilitados: google, bing, duckduckgo
2025-07-29 20:55:43,670 - services.production_search_manager - WARNING - ‚ö†Ô∏è Provedor serper desabilitado
2025-07-29 20:55:43,685 - services.content_extractor - INFO - Content Extractor inicializado com m√∫ltiplas estrat√©gias
2025-07-29 20:55:43,685 - services.search_manager - INFO - ‚úÖ Google Custom Search dispon√≠vel
2025-07-29 20:55:43,685 - services.search_manager - INFO - ‚úÖ Bing e DuckDuckGo sempre dispon√≠veis (scraping)
2025-07-29 20:55:43,685 - services.search_manager - INFO - Search Manager inicializado com 3 provedores dispon√≠veis
2025-07-29 20:55:43,685 - services.mental_drivers_architect - INFO - Mental Drivers Architect inicializado com 19 drivers universais
2025-07-29 20:55:43,685 - services.future_prediction_engine - INFO - Future Prediction Engine inicializado
2025-07-29 20:55:43,685 - services.ultra_detailed_analysis_engine - INFO - Ultra Detailed Analysis Engine inicializado - Modo GIGANTE ativado
2025-07-29 20:55:43,685 - services.enhanced_analysis_engine - INFO - Enhanced Analysis Engine inicializado - Sistemas: {'ai_manager': True, 'search_manager': True, 'content_extractor': True}
2025-07-29 20:55:44,123 - database - INFO - ‚úÖ DatabaseManager inicializado com Supabase
2025-07-29 20:55:44,252 - services.production_content_extractor - INFO - üöÄ Production Content Extractor inicializado
2025-07-29 20:55:44,252 - __main__ - INFO - üîß Iniciando ARQV30 Enhanced v2.0 em MODO DESENVOLVIMENTO
2025-07-29 20:55:44,252 - __main__ - INFO - Servidor: http://0.0.0.0:5000
2025-07-29 20:55:44,252 - __main__ - INFO - Encoding: UTF-8
2025-07-29 20:55:44,252 - __main__ - INFO - Locale: ('pt_BR', 'UTF-8')
2025-07-29 20:55:44,252 - __main__ - INFO - üîç Provedores de busca ativos: google, bing, duckduckgo
2025-07-29 20:55:44,268 - werkzeug - WARNING -  * Debugger is active!
2025-07-29 20:55:44,268 - werkzeug - INFO -  * Debugger PIN: 552-305-185
2025-07-29 20:55:49,548 - werkzeug - INFO - 127.0.0.1 - - [29/Jul/2025 20:55:49] "GET / HTTP/1.1" 200 -
2025-07-29 20:55:49,655 - werkzeug - INFO - 127.0.0.1 - - [29/Jul/2025 20:55:49] "GET /static/css/main.css HTTP/1.1" 200 -
2025-07-29 20:55:49,788 - werkzeug - INFO - 127.0.0.1 - - [29/Jul/2025 20:55:49] "GET /static/css/components.css HTTP/1.1" 200 -
2025-07-29 20:55:49,888 - werkzeug - INFO - 127.0.0.1 - - [29/Jul/2025 20:55:49] "GET /static/images/logo.png HTTP/1.1" 200 -
2025-07-29 20:55:49,888 - werkzeug - INFO - 127.0.0.1 - - [29/Jul/2025 20:55:49] "GET /static/js/main.js HTTP/1.1" 200 -
2025-07-29 20:55:49,924 - werkzeug - INFO - 127.0.0.1 - - [29/Jul/2025 20:55:49] "GET /static/js/upload.js HTTP/1.1" 200 -
2025-07-29 20:55:49,925 - werkzeug - INFO - 127.0.0.1 - - [29/Jul/2025 20:55:49] "GET /static/js/analysis.js HTTP/1.1" 200 -
2025-07-29 20:55:53,939 - werkzeug - INFO - 127.0.0.1 - - [29/Jul/2025 20:55:53] "GET /?segmento=Neuro+educa√ß√£o&produto=&preco=&publico=&objetivo_receita=&orcamento_marketing=&prazo_lancamento=&concorrentes=&query=&dados_adicionais= HTTP/1.1" 200 -
2025-07-29 20:55:53,956 - routes.analysis - INFO - üöÄ Iniciando an√°lise para segmento: Neuro educa√ß√£o
2025-07-29 20:55:53,956 - services.enhanced_analysis_engine - INFO - üöÄ Iniciando an√°lise abrangente para Neuro educa√ß√£o
2025-07-29 20:55:53,957 - services.enhanced_analysis_engine - INFO - üìä FASE 1: Coleta de dados...
2025-07-29 20:55:53,957 - services.enhanced_analysis_engine - INFO - üöÄ Ativando motor de an√°lise GIGANTE...
2025-07-29 20:55:53,957 - services.ultra_detailed_analysis_engine - INFO - üöÄ INICIANDO AN√ÅLISE GIGANTE ULTRA-DETALHADA
2025-07-29 20:55:53,958 - services.ultra_detailed_analysis_engine - INFO - üìä Coletando dados massivos...
2025-07-29 20:55:53,958 - services.ultra_detailed_analysis_engine - INFO - üß† Executando an√°lise ultra-profunda...
2025-07-29 20:55:53,959 - services.ai_manager - INFO - ü§ñ Usando provedor: gemini
2025-07-29 20:56:05,778 - services.ai_manager - INFO - ‚úÖ Gemini gerou 6107 caracteres
2025-07-29 20:56:05,778 - services.mental_drivers_architect - INFO - üß† Gerando sistema completo de drivers mentais...
2025-07-29 20:56:05,778 - services.future_prediction_engine - INFO - üîÆ Predizendo futuro do mercado Neuro educa√ß√£o para 60 meses
2025-07-29 20:56:05,778 - services.enhanced_analysis_engine - ERROR - ‚ùå Erro na an√°lise abrangente: could not convert string to float: ''
Traceback (most recent call last):
  File "C:\Users\user\Desktop\Nova pasta (3)\Nova pasta\src\services\enhanced_analysis_engine.py", line 53, in generate_comprehensive_analysis
    gigantic_analysis = ultra_detailed_analysis_engine.generate_gigantic_analysis(data, session_id)
                        ^^^^^^^^^^^^^^^^^^^^^^^^^^^^^^^^^^^^^^^^^^^^^^^^^^^^^^^^^^^^^^^^^^^^^^^^^^^
  File "C:\Users\user\Desktop\Nova pasta (3)\Nova pasta\src\services\ultra_detailed_analysis_engine.py", line 58, in generate_gigantic_analysis
    gigantic_report = self._consolidate_gigantic_report(
                      ^^^^^^^^^^^^^^^^^^^^^^^^^^^^^^^^^^
  File "C:\Users\user\Desktop\Nova pasta (3)\Nova pasta\src\services\ultra_detailed_analysis_engine.py", line 687, in _consolidate_gigantic_report
    "estrategia_pricing_psicologico": self._create_psychological_pricing_strategy(data),
                                      ^^^^^^^^^^^^^^^^^^^^^^^^^^^^^^^^^^^^^^^^^^^^^^^^^
  File "C:\Users\user\Desktop\Nova pasta (3)\Nova pasta\src\services\ultra_detailed_analysis_engine.py", line 1070, in _create_psychological_pricing_strategy
    preco = float(data.get('preco', 997))
            ^^^^^^^^^^^^^^^^^^^^^^^^^^^^^
ValueError: could not convert string to float: ''
2025-07-29 20:56:05,794 - services.enhanced_analysis_engine - ERROR - Gerando an√°lise de emerg√™ncia devido a: could not convert string to float: ''
2025-07-29 20:56:05,794 - routes.analysis - ERROR - ‚ùå Erro na an√°lise: name 'search_manager' is not defined
Traceback (most recent call last):
  File "C:\Users\user\Desktop\Nova pasta (3)\Nova pasta\src\services\enhanced_analysis_engine.py", line 53, in generate_comprehensive_analysis
    gigantic_analysis = ultra_detailed_analysis_engine.generate_gigantic_analysis(data, session_id)
                        ^^^^^^^^^^^^^^^^^^^^^^^^^^^^^^^^^^^^^^^^^^^^^^^^^^^^^^^^^^^^^^^^^^^^^^^^^^^
  File "C:\Users\user\Desktop\Nova pasta (3)\Nova pasta\src\services\ultra_detailed_analysis_engine.py", line 58, in generate_gigantic_analysis
    gigantic_report = self._consolidate_gigantic_report(
                      ^^^^^^^^^^^^^^^^^^^^^^^^^^^^^^^^^^
  File "C:\Users\user\Desktop\Nova pasta (3)\Nova pasta\src\services\ultra_detailed_analysis_engine.py", line 687, in _consolidate_gigantic_report
    "estrategia_pricing_psicologico": self._create_psychological_pricing_strategy(data),
                                      ^^^^^^^^^^^^^^^^^^^^^^^^^^^^^^^^^^^^^^^^^^^^^^^^^
  File "C:\Users\user\Desktop\Nova pasta (3)\Nova pasta\src\services\ultra_detailed_analysis_engine.py", line 1070, in _create_psychological_pricing_strategy
    preco = float(data.get('preco', 997))
            ^^^^^^^^^^^^^^^^^^^^^^^^^^^^^
ValueError: could not convert string to float: ''

During handling of the above exception, another exception occurred:

Traceback (most recent call last):
  File "C:\Users\user\Desktop\Nova pasta (3)\Nova pasta\src\routes\analysis.py", line 49, in analyze_market
    analysis_result = enhanced_analysis_engine.generate_comprehensive_analysis(data, session_id)
                      ^^^^^^^^^^^^^^^^^^^^^^^^^^^^^^^^^^^^^^^^^^^^^^^^^^^^^^^^^^^^^^^^^^^^^^^^^^
  File "C:\Users\user\Desktop\Nova pasta (3)\Nova pasta\src\services\enhanced_analysis_engine.py", line 98, in generate_comprehensive_analysis
    return self._generate_fallback_analysis(data, str(e))
           ^^^^^^^^^^^^^^^^^^^^^^^^^^^^^^^^^^^^^^^^^^^^^^
  File "C:\Users\user\Desktop\Nova pasta (3)\Nova pasta\src\services\enhanced_analysis_engine.py", line 985, in _generate_fallback_analysis
    "search_providers": search_manager.get_provider_status()
                        ^^^^^^^^^^^^^^
NameError: name 'search_manager' is not defined
2025-07-29 20:56:05,794 - werkzeug - INFO - 127.0.0.1 - - [29/Jul/2025 20:56:05] "[35m[1mPOST /api/analyze HTTP/1.1[0m" 500 -
2025-07-29 20:57:05,615 - services.ai_manager - INFO - ‚úÖ Gemini Flash inicializado com sucesso
2025-07-29 20:57:05,616 - services.ai_manager - INFO - ‚úÖ HuggingFace inicializado com sucesso
2025-07-29 20:57:05,616 - services.ai_manager - INFO - AI Manager inicializado com 2 provedores dispon√≠veis
2025-07-29 20:57:05,699 - services.production_search_manager - INFO - üöÄ Production Search Manager inicializado
2025-07-29 20:57:05,700 - services.production_search_manager - INFO - üìä Provedores habilitados: google, bing, duckduckgo
2025-07-29 20:57:05,700 - services.production_search_manager - WARNING - ‚ö†Ô∏è Provedor serper desabilitado
2025-07-29 20:57:05,700 - services.content_extractor - INFO - Content Extractor inicializado com m√∫ltiplas estrat√©gias
2025-07-29 20:57:05,701 - services.search_manager - INFO - ‚úÖ Google Custom Search dispon√≠vel
2025-07-29 20:57:05,701 - services.search_manager - INFO - ‚úÖ Bing e DuckDuckGo sempre dispon√≠veis (scraping)
2025-07-29 20:57:05,702 - services.search_manager - INFO - Search Manager inicializado com 3 provedores dispon√≠veis
2025-07-29 20:57:05,702 - services.mental_drivers_architect - INFO - Mental Drivers Architect inicializado com 19 drivers universais
2025-07-29 20:57:05,703 - services.future_prediction_engine - INFO - Future Prediction Engine inicializado
2025-07-29 20:57:05,703 - services.ultra_detailed_analysis_engine - INFO - Ultra Detailed Analysis Engine inicializado - Modo GIGANTE ativado
2025-07-29 20:57:05,703 - services.enhanced_analysis_engine - INFO - Enhanced Analysis Engine inicializado - Sistemas: {'ai_manager': True, 'search_manager': True, 'content_extractor': True}
2025-07-29 20:57:06,106 - database - INFO - ‚úÖ DatabaseManager inicializado com Supabase
2025-07-29 20:57:06,229 - services.production_content_extractor - INFO - üöÄ Production Content Extractor inicializado
2025-07-29 20:57:06,237 - __main__ - INFO - üîß Iniciando ARQV30 Enhanced v2.0 em MODO DESENVOLVIMENTO
2025-07-29 20:57:06,238 - __main__ - INFO - Servidor: http://0.0.0.0:5000
2025-07-29 20:57:06,238 - __main__ - INFO - Encoding: UTF-8
2025-07-29 20:57:06,238 - __main__ - INFO - Locale: ('pt_BR', 'UTF-8')
2025-07-29 20:57:06,238 - __main__ - INFO - üîç Provedores de busca ativos: google, bing, duckduckgo
2025-07-29 20:57:06,239 - werkzeug - INFO - [31m[1mWARNING: This is a development server. Do not use it in a production deployment. Use a production WSGI server instead.[0m
 * Running on all addresses (0.0.0.0)
 * Running on http://127.0.0.1:5000
 * Running on http://192.168.0.5:5000
2025-07-29 20:57:06,239 - werkzeug - INFO - [33mPress CTRL+C to quit[0m
2025-07-29 20:57:06,239 - werkzeug - INFO -  * Restarting with stat
2025-07-29 20:57:07,044 - services.ai_manager - INFO - ‚úÖ Gemini Flash inicializado com sucesso
2025-07-29 20:57:07,045 - services.ai_manager - INFO - ‚úÖ HuggingFace inicializado com sucesso
2025-07-29 20:57:07,046 - services.ai_manager - INFO - AI Manager inicializado com 2 provedores dispon√≠veis
2025-07-29 20:57:07,134 - services.production_search_manager - INFO - üöÄ Production Search Manager inicializado
2025-07-29 20:57:07,134 - services.production_search_manager - INFO - üìä Provedores habilitados: google, bing, duckduckgo
2025-07-29 20:57:07,136 - services.production_search_manager - WARNING - ‚ö†Ô∏è Provedor serper desabilitado
2025-07-29 20:57:07,142 - services.content_extractor - INFO - Content Extractor inicializado com m√∫ltiplas estrat√©gias
2025-07-29 20:57:07,143 - services.search_manager - INFO - ‚úÖ Google Custom Search dispon√≠vel
2025-07-29 20:57:07,143 - services.search_manager - INFO - ‚úÖ Bing e DuckDuckGo sempre dispon√≠veis (scraping)
2025-07-29 20:57:07,144 - services.search_manager - INFO - Search Manager inicializado com 3 provedores dispon√≠veis
2025-07-29 20:57:07,146 - services.mental_drivers_architect - INFO - Mental Drivers Architect inicializado com 19 drivers universais
2025-07-29 20:57:07,147 - services.future_prediction_engine - INFO - Future Prediction Engine inicializado
2025-07-29 20:57:07,149 - services.ultra_detailed_analysis_engine - INFO - Ultra Detailed Analysis Engine inicializado - Modo GIGANTE ativado
2025-07-29 20:57:07,153 - services.enhanced_analysis_engine - INFO - Enhanced Analysis Engine inicializado - Sistemas: {'ai_manager': True, 'search_manager': True, 'content_extractor': True}
2025-07-29 20:57:07,569 - database - INFO - ‚úÖ DatabaseManager inicializado com Supabase
2025-07-29 20:57:07,691 - services.production_content_extractor - INFO - üöÄ Production Content Extractor inicializado
2025-07-29 20:57:07,700 - __main__ - INFO - üîß Iniciando ARQV30 Enhanced v2.0 em MODO DESENVOLVIMENTO
2025-07-29 20:57:07,701 - __main__ - INFO - Servidor: http://0.0.0.0:5000
2025-07-29 20:57:07,701 - __main__ - INFO - Encoding: UTF-8
2025-07-29 20:57:07,702 - __main__ - INFO - Locale: ('pt_BR', 'UTF-8')
2025-07-29 20:57:07,703 - __main__ - INFO - üîç Provedores de busca ativos: google, bing, duckduckgo
2025-07-29 20:57:07,708 - werkzeug - WARNING -  * Debugger is active!
2025-07-29 20:57:07,714 - werkzeug - INFO -  * Debugger PIN: 552-305-185
2025-07-29 20:57:07,792 - werkzeug - INFO - 127.0.0.1 - - [29/Jul/2025 20:57:07] "GET / HTTP/1.1" 200 -
2025-07-29 20:57:07,996 - werkzeug - INFO - 127.0.0.1 - - [29/Jul/2025 20:57:07] "GET /static/images/favicon.ico HTTP/1.1" 200 -
2025-07-29 20:57:33,028 - routes.analysis - INFO - üöÄ Iniciando an√°lise para segmento: Telemedicina
2025-07-29 20:57:33,029 - services.enhanced_analysis_engine - INFO - üöÄ Iniciando an√°lise abrangente para Telemedicina
2025-07-29 20:57:33,034 - services.enhanced_analysis_engine - INFO - üìä FASE 1: Coleta de dados...
2025-07-29 20:57:33,035 - services.enhanced_analysis_engine - INFO - üöÄ Ativando motor de an√°lise GIGANTE...
2025-07-29 20:57:33,035 - services.ultra_detailed_analysis_engine - INFO - üöÄ INICIANDO AN√ÅLISE GIGANTE ULTRA-DETALHADA
2025-07-29 20:57:33,035 - services.ultra_detailed_analysis_engine - INFO - üìä Coletando dados massivos...
2025-07-29 20:57:33,035 - services.ultra_detailed_analysis_engine - INFO - üåê Executando pesquisa web ultra-profunda...
2025-07-29 20:57:33,045 - services.search_manager - INFO - üîç Buscando em google...
2025-07-29 20:57:33,257 - services.search_manager - WARNING - ‚ö†Ô∏è Erro em google: Google API retornou status 400
2025-07-29 20:57:33,259 - services.search_manager - INFO - üîç Buscando em bing...
2025-07-29 20:57:33,358 - werkzeug - INFO - 127.0.0.1 - - [29/Jul/2025 20:57:33] "GET /?segmento=Telemedicina&produto=Curso+de+Telemedicina&preco=997&publico=m√©dicos&objetivo_receita=100000&orcamento_marketing=10000&prazo_lancamento=&concorrentes=&query=mercado+brasileiro+desde+2024&dados_adicionais= HTTP/1.1" 200 -
2025-07-29 20:57:33,957 - services.search_manager - INFO - ‚úÖ Bing Search: 8 resultados
2025-07-29 20:57:34,959 - services.search_manager - INFO - üîç Buscando em duckduckgo...
2025-07-29 20:57:35,084 - services.search_manager - WARNING - ‚ö†Ô∏è DuckDuckGo retornou status 202
2025-07-29 20:57:36,093 - services.search_manager - INFO - ‚úÖ Multi-search: 8 resultados √∫nicos de 8 totais
2025-07-29 20:57:36,093 - services.search_manager - INFO - üîç Buscando em google...
2025-07-29 20:57:36,265 - services.search_manager - WARNING - ‚ö†Ô∏è Erro em google: Google API retornou status 400
2025-07-29 20:57:36,281 - services.search_manager - INFO - üîç Buscando em bing...
2025-07-29 20:57:36,894 - services.search_manager - INFO - ‚úÖ Bing Search: 8 resultados
2025-07-29 20:57:37,911 - services.search_manager - INFO - üîç Buscando em duckduckgo...
2025-07-29 20:57:38,020 - services.search_manager - WARNING - ‚ö†Ô∏è DuckDuckGo retornou status 202
2025-07-29 20:57:39,028 - services.search_manager - INFO - ‚úÖ Multi-search: 8 resultados √∫nicos de 8 totais
2025-07-29 20:57:39,028 - services.search_manager - INFO - üîç Buscando em google...
2025-07-29 20:57:39,216 - services.search_manager - WARNING - ‚ö†Ô∏è Erro em google: Google API retornou status 400
2025-07-29 20:57:39,216 - services.search_manager - INFO - üîç Buscando em bing...
2025-07-29 20:57:39,895 - services.search_manager - INFO - ‚úÖ Bing Search: 9 resultados
2025-07-29 20:57:40,903 - services.search_manager - INFO - üîç Buscando em duckduckgo...
2025-07-29 20:57:41,006 - services.search_manager - WARNING - ‚ö†Ô∏è DuckDuckGo retornou status 202
2025-07-29 20:57:42,013 - services.search_manager - INFO - ‚úÖ Multi-search: 9 resultados √∫nicos de 9 totais
2025-07-29 20:57:42,013 - services.search_manager - INFO - üîç Buscando em bing...
2025-07-29 20:57:42,674 - services.search_manager - INFO - ‚úÖ Bing Search: 9 resultados
2025-07-29 20:57:43,678 - services.search_manager - INFO - üîç Buscando em duckduckgo...
2025-07-29 20:57:43,819 - services.search_manager - WARNING - ‚ö†Ô∏è DuckDuckGo retornou status 202
2025-07-29 20:57:44,824 - services.search_manager - INFO - ‚úÖ Multi-search: 9 resultados √∫nicos de 9 totais
2025-07-29 20:57:44,824 - services.search_manager - INFO - üîç Buscando em bing...
2025-07-29 20:57:45,491 - services.search_manager - INFO - ‚úÖ Bing Search: 8 resultados
2025-07-29 20:57:46,501 - services.search_manager - INFO - üîç Buscando em duckduckgo...
2025-07-29 20:57:46,635 - services.search_manager - WARNING - ‚ö†Ô∏è DuckDuckGo retornou status 202
2025-07-29 20:57:47,637 - services.search_manager - INFO - ‚úÖ Multi-search: 8 resultados √∫nicos de 8 totais
2025-07-29 20:57:47,637 - services.search_manager - INFO - üîç Buscando em bing...
2025-07-29 20:57:48,237 - services.search_manager - INFO - ‚úÖ Bing Search: 10 resultados
2025-07-29 20:57:49,251 - services.search_manager - INFO - üîç Buscando em duckduckgo...
2025-07-29 20:57:49,363 - services.search_manager - WARNING - ‚ö†Ô∏è DuckDuckGo retornou status 202
2025-07-29 20:57:50,365 - services.search_manager - INFO - ‚úÖ Multi-search: 10 resultados √∫nicos de 10 totais
2025-07-29 20:57:50,366 - services.search_manager - INFO - üîç Buscando em bing...
2025-07-29 20:57:51,040 - services.search_manager - INFO - ‚úÖ Bing Search: 8 resultados
2025-07-29 20:57:52,048 - services.search_manager - INFO - üîç Buscando em duckduckgo...
2025-07-29 20:57:52,163 - services.search_manager - WARNING - ‚ö†Ô∏è DuckDuckGo retornou status 202
2025-07-29 20:57:53,166 - services.search_manager - INFO - ‚úÖ Multi-search: 8 resultados √∫nicos de 8 totais
2025-07-29 20:57:53,166 - services.search_manager - INFO - üîç Buscando em bing...
2025-07-29 20:57:53,809 - services.search_manager - INFO - ‚úÖ Bing Search: 9 resultados
2025-07-29 20:57:54,815 - services.search_manager - INFO - üîç Buscando em duckduckgo...
2025-07-29 20:57:54,915 - services.search_manager - WARNING - ‚ö†Ô∏è DuckDuckGo retornou status 202
2025-07-29 20:57:55,926 - services.search_manager - INFO - ‚úÖ Multi-search: 9 resultados √∫nicos de 9 totais
2025-07-29 20:57:55,926 - services.ultra_detailed_analysis_engine - INFO - üß† Executando an√°lise ultra-profunda...
2025-07-29 20:57:55,928 - services.ai_manager - INFO - ü§ñ Usando provedor: gemini
2025-07-29 20:58:11,404 - services.ai_manager - INFO - ‚úÖ Gemini gerou 8009 caracteres
2025-07-29 20:58:11,404 - services.mental_drivers_architect - INFO - üß† Gerando sistema completo de drivers mentais...
2025-07-29 20:58:11,404 - services.future_prediction_engine - INFO - üîÆ Predizendo futuro do mercado Telemedicina para 60 meses
2025-07-29 20:58:11,419 - services.ultra_detailed_analysis_engine - INFO - ‚úÖ AN√ÅLISE GIGANTE CONCLU√çDA - Relat√≥rio de predi√ß√£o do futuro gerado
2025-07-29 20:58:11,419 - services.enhanced_analysis_engine - INFO - üß† Gerando drivers mentais customizados...
2025-07-29 20:58:11,419 - services.mental_drivers_architect - INFO - üß† Gerando sistema completo de drivers mentais...
2025-07-29 20:58:11,427 - services.enhanced_analysis_engine - INFO - üîÆ Gerando predi√ß√µes do futuro...
2025-07-29 20:58:11,427 - services.future_prediction_engine - INFO - üîÆ Predizendo futuro do mercado Telemedicina para 60 meses
2025-07-29 20:58:11,427 - services.enhanced_analysis_engine - INFO - ‚úÖ An√°lise abrangente conclu√≠da em 38.40 segundos
2025-07-29 20:58:11,505 - database - ERROR - Erro ao criar an√°lise: Illegal header value b'Bearer eyJhbGciOiJIUzI1NiIsInR5cCI6IkpXVCJ9.eyJpc3MiOiJzdXBhYmFzZSIsInJlZiI6Inhhb2pncW1rdHZ4c21pcnl6dXdxIiwicm9sZSI6ImFub24iLCJpYXQiOjE3NTM2OTA1NjQsImV4cCI6MjA2OTI2NjU2NH0.KMUKDF2XBfJOyNpKTim26Ie1Yr3T00vzIn2zBKR9c6Y\n'
2025-07-29 20:58:11,505 - routes.analysis - INFO - ‚úÖ An√°lise conclu√≠da em 38.48 segundos
2025-07-29 20:58:11,505 - werkzeug - INFO - 127.0.0.1 - - [29/Jul/2025 20:58:11] "POST /api/analyze HTTP/1.1" 200 -
